<?xml version="1.0" encoding="UTF-8"?>
<testng-results skipped="0" failed="1" ignored="0" total="4" passed="3">
  <reporter-output>
  </reporter-output>
  <suite name="LSAssignemnt" duration-ms="254671" started-at="2020-09-26T11:03:25 IST" finished-at="2020-09-26T11:07:40 IST">
    <groups>
    </groups>
    <test name="LSAssignment Test" duration-ms="254671" started-at="2020-09-26T11:03:25 IST" finished-at="2020-09-26T11:07:40 IST">
      <class name="com.LSAssignment.testCases.TC003_ValidateLogin">
        <test-method status="PASS" signature="setUp(java.lang.String)[pri:0, instance:com.LSAssignment.testCases.TC003_ValidateLogin@67b92f0a]" name="setUp" is-config="true" duration-ms="7055" started-at="2020-09-26T11:04:54 IST" finished-at="2020-09-26T11:05:01 IST">
          <params>
            <param index="0">
              <value>
                <![CDATA[chrome]]>
              </value>
            </param>
          </params>
          <reporter-output>
          </reporter-output>
        </test-method> <!-- setUp -->
        <test-method status="PASS" signature="validateLogin()[pri:0, instance:com.LSAssignment.testCases.TC003_ValidateLogin@67b92f0a]" name="validateLogin" duration-ms="103670" started-at="2020-09-26T11:05:01 IST" finished-at="2020-09-26T11:06:45 IST">
          <reporter-output>
          </reporter-output>
        </test-method> <!-- validateLogin -->
        <test-method status="PASS" signature="tearDown()[pri:0, instance:com.LSAssignment.testCases.TC003_ValidateLogin@67b92f0a]" name="tearDown" is-config="true" duration-ms="1745" started-at="2020-09-26T11:06:45 IST" finished-at="2020-09-26T11:06:47 IST">
          <reporter-output>
          </reporter-output>
        </test-method> <!-- tearDown -->
      </class> <!-- com.LSAssignment.testCases.TC003_ValidateLogin -->
      <class name="com.LSAssignment.testCases.TC002_GetBannercount">
        <test-method status="PASS" signature="setUp(java.lang.String)[pri:0, instance:com.LSAssignment.testCases.TC002_GetBannercount@1d16f93d]" name="setUp" is-config="true" duration-ms="7205" started-at="2020-09-26T11:04:17 IST" finished-at="2020-09-26T11:04:24 IST">
          <params>
            <param index="0">
              <value>
                <![CDATA[chrome]]>
              </value>
            </param>
          </params>
          <reporter-output>
          </reporter-output>
        </test-method> <!-- setUp -->
        <test-method status="FAIL" signature="getBannerCount()[pri:0, instance:com.LSAssignment.testCases.TC002_GetBannercount@1d16f93d]" name="getBannerCount" duration-ms="27745" started-at="2020-09-26T11:04:24 IST" finished-at="2020-09-26T11:04:52 IST">
          <exception class="org.openqa.selenium.ElementNotInteractableException">
            <message>
              <![CDATA[element not interactable
  (Session info: chrome=85.0.4183.121)
Build info: version: '3.141.59', revision: 'e82be7d358', time: '2018-11-14T08:17:03'
System info: host: 'DESKTOP-F023JSH', ip: '192.168.0.103', os.name: 'Windows 10', os.arch: 'amd64', os.version: '10.0', java.version: '1.8.0_171'
Driver info: org.openqa.selenium.chrome.ChromeDriver
Capabilities {acceptInsecureCerts: false, browserName: chrome, browserVersion: 85.0.4183.121, chrome: {chromedriverVersion: 85.0.4183.87 (cd6713ebf92fa..., userDataDir: C:\Users\titun\AppData\Loca...}, goog:chromeOptions: {debuggerAddress: localhost:59568}, javascriptEnabled: true, networkConnectionEnabled: false, pageLoadStrategy: normal, platform: WINDOWS, platformName: WINDOWS, proxy: Proxy(), setWindowRect: true, strictFileInteractability: false, timeouts: {implicit: 0, pageLoad: 300000, script: 30000}, unhandledPromptBehavior: dismiss and notify, webauthn:virtualAuthenticators: true}
Session ID: 6dbec8968729ee7d9bd9a1a8a0c9b4ec]]>
            </message>
            <full-stacktrace>
              <![CDATA[org.openqa.selenium.ElementNotInteractableException: element not interactable
  (Session info: chrome=85.0.4183.121)
Build info: version: '3.141.59', revision: 'e82be7d358', time: '2018-11-14T08:17:03'
System info: host: 'DESKTOP-F023JSH', ip: '192.168.0.103', os.name: 'Windows 10', os.arch: 'amd64', os.version: '10.0', java.version: '1.8.0_171'
Driver info: org.openqa.selenium.chrome.ChromeDriver
Capabilities {acceptInsecureCerts: false, browserName: chrome, browserVersion: 85.0.4183.121, chrome: {chromedriverVersion: 85.0.4183.87 (cd6713ebf92fa..., userDataDir: C:\Users\titun\AppData\Loca...}, goog:chromeOptions: {debuggerAddress: localhost:59568}, javascriptEnabled: true, networkConnectionEnabled: false, pageLoadStrategy: normal, platform: WINDOWS, platformName: WINDOWS, proxy: Proxy(), setWindowRect: true, strictFileInteractability: false, timeouts: {implicit: 0, pageLoad: 300000, script: 30000}, unhandledPromptBehavior: dismiss and notify, webauthn:virtualAuthenticators: true}
Session ID: 6dbec8968729ee7d9bd9a1a8a0c9b4ec
at sun.reflect.NativeConstructorAccessorImpl.newInstance0(Native Method)
at sun.reflect.NativeConstructorAccessorImpl.newInstance(Unknown Source)
at sun.reflect.DelegatingConstructorAccessorImpl.newInstance(Unknown Source)
at java.lang.reflect.Constructor.newInstance(Unknown Source)
at org.openqa.selenium.remote.http.W3CHttpResponseCodec.createException(W3CHttpResponseCodec.java:187)
at org.openqa.selenium.remote.http.W3CHttpResponseCodec.decode(W3CHttpResponseCodec.java:122)
at org.openqa.selenium.remote.http.W3CHttpResponseCodec.decode(W3CHttpResponseCodec.java:49)
at org.openqa.selenium.remote.HttpCommandExecutor.execute(HttpCommandExecutor.java:158)
at org.openqa.selenium.remote.service.DriverCommandExecutor.execute(DriverCommandExecutor.java:83)
at org.openqa.selenium.remote.RemoteWebDriver.execute(RemoteWebDriver.java:552)
at org.openqa.selenium.remote.RemoteWebElement.execute(RemoteWebElement.java:285)
at org.openqa.selenium.remote.RemoteWebElement.click(RemoteWebElement.java:84)
at sun.reflect.NativeMethodAccessorImpl.invoke0(Native Method)
at sun.reflect.NativeMethodAccessorImpl.invoke(Unknown Source)
at sun.reflect.DelegatingMethodAccessorImpl.invoke(Unknown Source)
at java.lang.reflect.Method.invoke(Unknown Source)
at org.openqa.selenium.support.pagefactory.internal.LocatingElementHandler.invoke(LocatingElementHandler.java:51)
at com.sun.proxy.$Proxy11.click(Unknown Source)
at com.LSAssignment.testCases.TC002_GetBannercount.getBannerCount(TC002_GetBannercount.java:21)
at sun.reflect.NativeMethodAccessorImpl.invoke0(Native Method)
at sun.reflect.NativeMethodAccessorImpl.invoke(Unknown Source)
at sun.reflect.DelegatingMethodAccessorImpl.invoke(Unknown Source)
at java.lang.reflect.Method.invoke(Unknown Source)
at org.testng.internal.MethodInvocationHelper.invokeMethod(MethodInvocationHelper.java:131)
at org.testng.internal.Invoker.invokeMethod(Invoker.java:658)
at org.testng.internal.Invoker.invokeTestMethod(Invoker.java:792)
at org.testng.internal.Invoker.invokeTestMethods(Invoker.java:1103)
at org.testng.internal.TestMethodWorker.invokeTestMethods(TestMethodWorker.java:140)
at org.testng.internal.TestMethodWorker.run(TestMethodWorker.java:122)
at org.testng.TestRunner.privateRun(TestRunner.java:739)
at org.testng.TestRunner.run(TestRunner.java:589)
at org.testng.SuiteRunner.runTest(SuiteRunner.java:398)
at org.testng.SuiteRunner.runSequentially(SuiteRunner.java:392)
at org.testng.SuiteRunner.privateRun(SuiteRunner.java:354)
at org.testng.SuiteRunner.run(SuiteRunner.java:302)
at org.testng.SuiteRunnerWorker.runSuite(SuiteRunnerWorker.java:53)
at org.testng.SuiteRunnerWorker.run(SuiteRunnerWorker.java:96)
at org.testng.TestNG.runSuitesSequentially(TestNG.java:1145)
at org.testng.TestNG.runSuitesLocally(TestNG.java:1067)
at org.testng.TestNG.runSuites(TestNG.java:997)
at org.testng.TestNG.run(TestNG.java:965)
at org.testng.remote.AbstractRemoteTestNG.run(AbstractRemoteTestNG.java:115)
at org.testng.remote.RemoteTestNG.initAndRun(RemoteTestNG.java:251)
at org.testng.remote.RemoteTestNG.main(RemoteTestNG.java:77)
]]>
            </full-stacktrace>
          </exception> <!-- org.openqa.selenium.ElementNotInteractableException -->
          <reporter-output>
          </reporter-output>
        </test-method> <!-- getBannerCount -->
        <test-method status="PASS" signature="tearDown()[pri:0, instance:com.LSAssignment.testCases.TC002_GetBannercount@1d16f93d]" name="tearDown" is-config="true" duration-ms="2122" started-at="2020-09-26T11:04:52 IST" finished-at="2020-09-26T11:04:54 IST">
          <reporter-output>
          </reporter-output>
        </test-method> <!-- tearDown -->
      </class> <!-- com.LSAssignment.testCases.TC002_GetBannercount -->
      <class name="com.LSAssignment.testCases.TC001_ValidateLinks">
        <test-method status="PASS" signature="setUp(java.lang.String)[pri:0, instance:com.LSAssignment.testCases.TC001_ValidateLinks@6325a3ee]" name="setUp" is-config="true" duration-ms="12960" started-at="2020-09-26T11:03:27 IST" finished-at="2020-09-26T11:03:40 IST">
          <params>
            <param index="0">
              <value>
                <![CDATA[chrome]]>
              </value>
            </param>
          </params>
          <reporter-output>
          </reporter-output>
        </test-method> <!-- setUp -->
        <test-method status="PASS" signature="validateLinks()[pri:0, instance:com.LSAssignment.testCases.TC001_ValidateLinks@6325a3ee]" name="validateLinks" duration-ms="34496" started-at="2020-09-26T11:03:40 IST" finished-at="2020-09-26T11:04:14 IST">
          <reporter-output>
          </reporter-output>
        </test-method> <!-- validateLinks -->
        <test-method status="PASS" signature="tearDown()[pri:0, instance:com.LSAssignment.testCases.TC001_ValidateLinks@6325a3ee]" name="tearDown" is-config="true" duration-ms="2488" started-at="2020-09-26T11:04:15 IST" finished-at="2020-09-26T11:04:17 IST">
          <reporter-output>
          </reporter-output>
        </test-method> <!-- tearDown -->
      </class> <!-- com.LSAssignment.testCases.TC001_ValidateLinks -->
      <class name="com.LSAssignment.testCases.TC004_PinCodeValidation">
        <test-method status="PASS" signature="setUp(java.lang.String)[pri:0, instance:com.LSAssignment.testCases.TC004_PinCodeValidation@2b9627bc]" name="setUp" is-config="true" duration-ms="8369" started-at="2020-09-26T11:06:47 IST" finished-at="2020-09-26T11:06:55 IST">
          <params>
            <param index="0">
              <value>
                <![CDATA[chrome]]>
              </value>
            </param>
          </params>
          <reporter-output>
          </reporter-output>
        </test-method> <!-- setUp -->
        <test-method status="PASS" signature="validatePinCode()[pri:0, instance:com.LSAssignment.testCases.TC004_PinCodeValidation@2b9627bc]" name="validatePinCode" duration-ms="41500" started-at="2020-09-26T11:06:55 IST" finished-at="2020-09-26T11:07:37 IST">
          <reporter-output>
          </reporter-output>
        </test-method> <!-- validatePinCode -->
        <test-method status="PASS" signature="tearDown()[pri:0, instance:com.LSAssignment.testCases.TC004_PinCodeValidation@2b9627bc]" name="tearDown" is-config="true" duration-ms="3536" started-at="2020-09-26T11:07:37 IST" finished-at="2020-09-26T11:07:40 IST">
          <reporter-output>
          </reporter-output>
        </test-method> <!-- tearDown -->
      </class> <!-- com.LSAssignment.testCases.TC004_PinCodeValidation -->
    </test> <!-- LSAssignment Test -->
  </suite> <!-- LSAssignemnt -->
</testng-results>
